[2020-05-17 11:03:35.156][Ragnarok][8][MARIADB][]
SHOW VARIABLES LIKE 'lower_case_%';

[2020-05-17 11:03:35.213][Ragnarok][8][MARIADB][]
SHOW DATABASES

[2020-05-17 11:03:39.087][Ragnarok][8][MARIADB][]
SHOW CHARACTER SET;

[2020-05-17 11:03:39.127][Ragnarok][8][MARIADB][]
SHOW COLLATION;

[2020-05-17 11:03:46.273][Ragnarok][8][MARIADB][]
CREATE DATABASE `racn1`

[2020-05-17 11:03:46.274][Ragnarok][8][MARIADB][]
SHOW DATABASES

[2020-05-17 11:03:53.667][Ragnarok][8][MARIADB][]
CREATE DATABASE `racnlog5`

[2020-05-17 11:03:53.667][Ragnarok][8][MARIADB][]
SHOW DATABASES

[2020-05-17 11:03:54.907][Ragnarok][8][MARIADB][]
SELECT COUNT(*) FROM information_schema.TABLES WHERE TABLE_SCHEMA = 'racn1'UNION SELECT COUNT(*) FROM information_schema.COLUMNS WHERE TABLE_SCHEMA = 'racn1'UNION SELECT COUNT(*) FROM information_schema.ROUTINES WHERE ROUTINE_SCHEMA = 'racn1'

[2020-05-17 11:03:54.907][Ragnarok][8][MARIADB][]
SELECT TABLE_SCHEMA, TABLE_NAME, TABLE_TYPE FROM information_schema.TABLES WHERE TABLE_SCHEMA = 'racn1' ORDER BY TABLE_SCHEMA, TABLE_TYPE

[2020-05-17 11:03:54.908][Ragnarok][8][MARIADB][]
SELECT TABLE_SCHEMA, TABLE_NAME, COLUMN_NAME, COLUMN_TYPE FROM information_schema.COLUMNS WHERE TABLE_SCHEMA = 'racn1' ORDER BY TABLE_SCHEMA, TABLE_NAME

[2020-05-17 11:03:54.909][Ragnarok][8][MARIADB][]
SELECT DISTINCT ROUTINE_SCHEMA, ROUTINE_NAME, PARAMS.PARAMETER FROM information_schema.ROUTINES LEFT JOIN ( SELECT SPECIFIC_SCHEMA, SPECIFIC_NAME, GROUP_CONCAT(CONCAT(DATA_TYPE, ' ', PARAMETER_NAME) ORDER BY ORDINAL_POSITION SEPARATOR ', ') PARAMETER, ROUTINE_TYPE FROM information_schema.PARAMETERS GROUP BY SPECIFIC_SCHEMA, SPECIFIC_NAME, ROUTINE_TYPE ) PARAMS ON ROUTINES.ROUTINE_SCHEMA = PARAMS.SPECIFIC_SCHEMA AND ROUTINES.ROUTINE_NAME = PARAMS.SPECIFIC_NAME AND ROUTINES.ROUTINE_TYPE = PARAMS.ROUTINE_TYPE WHERE ROUTINE_SCHEMA = 'racn1' ORDER BY ROUTINE_SCHEMA

[2020-05-17 11:03:54.917][Ragnarok][8][MARIADB][]
SHOW TABLE STATUS

[2020-05-17 11:04:16.378][Ragnarok][8][MARIADB][]
SELECT COUNT(*) FROM information_schema.TABLES WHERE TABLE_SCHEMA = 'racnlog5'UNION SELECT COUNT(*) FROM information_schema.COLUMNS WHERE TABLE_SCHEMA = 'racnlog5'UNION SELECT COUNT(*) FROM information_schema.ROUTINES WHERE ROUTINE_SCHEMA = 'racnlog5'

[2020-05-17 11:04:16.378][Ragnarok][8][MARIADB][]
SELECT TABLE_SCHEMA, TABLE_NAME, TABLE_TYPE FROM information_schema.TABLES WHERE TABLE_SCHEMA = 'racnlog5' ORDER BY TABLE_SCHEMA, TABLE_TYPE

[2020-05-17 11:04:16.379][Ragnarok][8][MARIADB][]
SELECT TABLE_SCHEMA, TABLE_NAME, COLUMN_NAME, COLUMN_TYPE FROM information_schema.COLUMNS WHERE TABLE_SCHEMA = 'racnlog5' ORDER BY TABLE_SCHEMA, TABLE_NAME

[2020-05-17 11:04:16.38][Ragnarok][8][MARIADB][]
SELECT DISTINCT ROUTINE_SCHEMA, ROUTINE_NAME, PARAMS.PARAMETER FROM information_schema.ROUTINES LEFT JOIN ( SELECT SPECIFIC_SCHEMA, SPECIFIC_NAME, GROUP_CONCAT(CONCAT(DATA_TYPE, ' ', PARAMETER_NAME) ORDER BY ORDINAL_POSITION SEPARATOR ', ') PARAMETER, ROUTINE_TYPE FROM information_schema.PARAMETERS GROUP BY SPECIFIC_SCHEMA, SPECIFIC_NAME, ROUTINE_TYPE ) PARAMS ON ROUTINES.ROUTINE_SCHEMA = PARAMS.SPECIFIC_SCHEMA AND ROUTINES.ROUTINE_NAME = PARAMS.SPECIFIC_NAME AND ROUTINES.ROUTINE_TYPE = PARAMS.ROUTINE_TYPE WHERE ROUTINE_SCHEMA = 'racnlog5' ORDER BY ROUTINE_SCHEMA

[2020-05-17 11:04:16.39][Ragnarok][8][MARIADB][]
SHOW TABLE STATUS

[2020-05-17 11:04:27.559][Ragnarok][8][MARIADB][]
SHOW TABLE STATUS

[2020-05-17 11:39:53.642][Ragnarok][8][MARIADB][]
SELECT * FROM `racn1`.`login` LIMIT 0, 1000

[2020-05-17 11:39:53.65][Ragnarok][16][MARIADB][]
SHOW COLUMNS FROM `racn1`.`login`

[2020-05-17 11:39:53.651][Ragnarok][8][MARIADB][]
SHOW TABLE STATUS LIKE 'login'

[2020-05-17 11:39:53.652][Ragnarok][8][MARIADB][]
SHOW CREATE TABLE `racn1`.`login`

[2020-05-17 11:40:01.753][Ragnarok][8][MARIADB][]
UPDATE `racn1`.`login` SET `group_id` = 99 WHERE `account_id` = 2000000

[2020-05-17 11:40:01.753][Ragnarok][8][MARIADB][]
SELECT * FROM `racn1`.`login` WHERE `account_id` = 2000000

[2020-05-17 17:23:26.417][Ragnarok][8][MARIADB][]
SELECT * FROM `racn1`.`login` LIMIT 0, 1000

[2020-05-17 17:23:26.529][Ragnarok][16][MARIADB][]
SHOW COLUMNS FROM `racn1`.`login`

[2020-05-17 17:23:26.566][Ragnarok][8][MARIADB][]
SHOW TABLE STATUS LIKE 'login'

[2020-05-17 17:23:26.569][Ragnarok][8][MARIADB][]
SHOW CREATE TABLE `racn1`.`login`

[2020-05-17 17:23:31.815][Ragnarok][8][MARIADB][]
UPDATE `racn1`.`login` SET `group_id` = 99 WHERE `account_id` = 2000001

[2020-05-17 17:23:31.815][Ragnarok][8][MARIADB][]
SELECT * FROM `racn1`.`login` WHERE `account_id` = 2000001

